2020-08-31 02:40:52.184 [main] INFO  com.aagw.aagwTest - Starting aagwTest on C3B83B231501626 with PID 10916 (started by Administrator in E:\develop\aagw01)
2020-08-31 02:40:52.186 [main] INFO  com.aagw.aagwTest - No active profile set, falling back to default profiles: default
2020-08-31 02:40:53.036 [main] INFO  o.s.d.r.config.RepositoryConfigurationDelegate - Multiple Spring Data modules found, entering strict repository configuration mode!
2020-08-31 02:40:53.040 [main] INFO  o.s.d.r.config.RepositoryConfigurationDelegate - Bootstrapping Spring Data Redis repositories in DEFAULT mode.
2020-08-31 02:40:53.108 [main] INFO  o.s.d.r.config.RepositoryConfigurationDelegate - Finished Spring Data repository scanning in 19ms. Found 0 Redis repository interfaces.
2020-08-31 02:40:53.933 [main] INFO  com.zaxxer.hikari.HikariDataSource - HikariPool-1 - Starting...
2020-08-31 02:40:54.645 [main] INFO  com.zaxxer.hikari.HikariDataSource - HikariPool-1 - Start completed.
2020-08-31 02:40:55.665 [main] INFO  o.s.scheduling.concurrent.ThreadPoolTaskExecutor - Initializing ExecutorService 'applicationTaskExecutor'
2020-08-31 02:40:58.008 [main] INFO  com.aagw.aagwTest - Started aagwTest in 6.32 seconds (JVM running for 7.407)
2020-08-31 02:40:58.408 [main] INFO  com.aagw.aagwTest - [Uuser(uid=1, userName=zhangsan, Uname=张三, password=aa12345, phone=110, sex=女, registerTime=Sat Aug 15 06:23:06 CST 2020), Uuser(uid=2, userName=lisi, Uname=李四, password=12300, phone=null, sex=男, registerTime=Sun Aug 30 23:11:17 CST 2020), Uuser(uid=3, userName=lisi, Uname=李四, password=12300, phone=null, sex=男, registerTime=Sun Aug 30 23:11:55 CST 2020)]
2020-08-31 02:40:58.429 [SpringContextShutdownHook] INFO  o.s.scheduling.concurrent.ThreadPoolTaskExecutor - Shutting down ExecutorService 'applicationTaskExecutor'
2020-08-31 02:40:58.451 [SpringContextShutdownHook] INFO  com.zaxxer.hikari.HikariDataSource - HikariPool-1 - Shutdown initiated...
2020-08-31 02:40:58.465 [SpringContextShutdownHook] INFO  com.zaxxer.hikari.HikariDataSource - HikariPool-1 - Shutdown completed.
2020-08-31 02:44:31.952 [main] INFO  com.aagw.aagwTest - Starting aagwTest on C3B83B231501626 with PID 15660 (started by Administrator in E:\develop\aagw01)
2020-08-31 02:44:31.954 [main] INFO  com.aagw.aagwTest - No active profile set, falling back to default profiles: default
2020-08-31 02:44:32.905 [main] INFO  o.s.d.r.config.RepositoryConfigurationDelegate - Multiple Spring Data modules found, entering strict repository configuration mode!
2020-08-31 02:44:32.907 [main] INFO  o.s.d.r.config.RepositoryConfigurationDelegate - Bootstrapping Spring Data Redis repositories in DEFAULT mode.
2020-08-31 02:44:32.942 [main] INFO  o.s.d.r.config.RepositoryConfigurationDelegate - Finished Spring Data repository scanning in 19ms. Found 0 Redis repository interfaces.
2020-08-31 02:44:33.777 [main] INFO  com.zaxxer.hikari.HikariDataSource - HikariPool-1 - Starting...
2020-08-31 02:44:34.448 [main] INFO  com.zaxxer.hikari.HikariDataSource - HikariPool-1 - Start completed.
2020-08-31 02:44:35.462 [main] INFO  o.s.scheduling.concurrent.ThreadPoolTaskExecutor - Initializing ExecutorService 'applicationTaskExecutor'
2020-08-31 02:44:37.726 [main] INFO  com.aagw.aagwTest - Started aagwTest in 6.352 seconds (JVM running for 7.529)
2020-08-31 02:44:38.141 [main] INFO  com.aagw.aagwTest - [Uuser(uid=1, userName=zhangsan, Uname=张三, password=aa12345, phone=110, sex=女, registerTime=Sat Aug 15 06:23:06 CST 2020), Uuser(uid=2, userName=lisi, Uname=李四, password=12300, phone=null, sex=男, registerTime=Sun Aug 30 23:11:17 CST 2020), Uuser(uid=3, userName=lisi, Uname=李四, password=12300, phone=null, sex=男, registerTime=Sun Aug 30 23:11:55 CST 2020)]
2020-08-31 02:44:38.164 [SpringContextShutdownHook] INFO  o.s.scheduling.concurrent.ThreadPoolTaskExecutor - Shutting down ExecutorService 'applicationTaskExecutor'
2020-08-31 02:44:38.184 [SpringContextShutdownHook] INFO  com.zaxxer.hikari.HikariDataSource - HikariPool-1 - Shutdown initiated...
2020-08-31 02:44:38.197 [SpringContextShutdownHook] INFO  com.zaxxer.hikari.HikariDataSource - HikariPool-1 - Shutdown completed.
